#
# A fatal error has been detected by the Java Runtime Environment:
#
#  EXCEPTION_ACCESS_VIOLATION (0xc0000005) at pc=0x0000000052b57b9f, pid=7908, tid=0x0000000000000390
#
# JRE version: Java(TM) SE Runtime Environment (8.0_191-b12) (build 1.8.0_191-b12)
# Java VM: Java HotSpot(TM) 64-Bit Server VM (25.191-b12 mixed mode windows-amd64 compressed oops)
# Problematic frame:
# V  [jvm.dll+0xf7b9f]
#
# Failed to write core dump. Minidumps are not enabled by default on client versions of Windows
#
# If you would like to submit a bug report, please visit:
#   http://bugreport.java.com/bugreport/crash.jsp
#

---------------  T H R E A D  ---------------

Current thread (0x0000000017907800):  VMThread [stack: 0x00000000189a0000,0x0000000018aa0000] [id=912]

siginfo: ExceptionCode=0xc0000005, reading address 0x000000001760f4d0

Registers:
RAX=0x0000000000194240, RBX=0x0000000000000000, RCX=0x000000001747b280, RDX=0x000000000000ca12
RSP=0x0000000018a9ea58, RBP=0x0000000018a9efd0, RSI=0x0000000018a9f160, RDI=0x0000000018a9f160
R8 =0x0000000000000000, R9 =0x00000000173f2350, R10=0x0000000000000008, R11=0x00000000173f2b6b
R12=0x00000000178157a8, R13=0x0000000018a9ef90, R14=0x00000000000003d8, R15=0x0000000018a9ef80
RIP=0x0000000052b57b9f, EFLAGS=0x0000000000010202

Top of Stack: (sp=0x0000000018a9ea58)
0x0000000018a9ea58:   0000000052b5f600 0000000000000000
0x0000000018a9ea68:   0000000000000000 0000000018a9f160
0x0000000018a9ea78:   0000000000000000 0000000000000000
0x0000000018a9ea88:   0000000000000000 0000000053068f18
0x0000000018a9ea98:   0000000002d6b630 0000000000000014
0x0000000018a9eaa8:   000000000000000e 0000000018a9ead0
0x0000000018a9eab8:   0000000000000002 0000000000000000
0x0000000018a9eac8:   0000000000000000 4fffffff4fffffff
0x0000000018a9ead8:   0000000000000000 0000000000000000
0x0000000018a9eae8:   0000000000000000 0000000000000000
0x0000000018a9eaf8:   0000000000000000 0000000000000000
0x0000000018a9eb08:   0000000000000000 0000000000000000
0x0000000018a9eb18:   0000000000000000 0000000000000000
0x0000000018a9eb28:   0000000000000000 0000000000000000
0x0000000018a9eb38:   0000000000000000 0000000000000000
0x0000000018a9eb48:   0000000000000000 0000000000000000 

Instructions: (pc=0x0000000052b57b9f)
0x0000000052b57b7f:   74 3e 85 d2 79 13 f7 d2 48 63 c2 48 c1 e0 05 48
0x0000000052b57b8f:   8b 44 08 10 0f b7 c0 eb 12 48 63 c2 48 c1 e0 05
0x0000000052b57b9f:   48 8b 44 08 10 0f b7 d0 48 63 c2 41 0f b7 4c c1
0x0000000052b57baf:   52 48 63 c1 41 0f b7 44 c1 52 49 8b 44 c1 50 c3 


Register to memory mapping:

RAX=0x0000000000194240 is an unknown value
RBX=0x0000000000000000 is an unknown value
RCX=0x000000001747b280 is pointing into metadata
RDX=0x000000000000ca12 is an unknown value
RSP=0x0000000018a9ea58 is an unknown value
RBP=0x0000000018a9efd0 is an unknown value
RSI=0x0000000018a9f160 is an unknown value
RDI=0x0000000018a9f160 is an unknown value
R8 =0x0000000000000000 is an unknown value
R9 =0x00000000173f2350 is pointing into metadata
R10=0x0000000000000008 is an unknown value
R11=0x00000000173f2b6b is pointing into metadata
R12=0x00000000178157a8 is an unknown value
R13=0x0000000018a9ef90 is an unknown value
R14=0x00000000000003d8 is an unknown value
R15=0x0000000018a9ef80 is an unknown value


Stack: [0x00000000189a0000,0x0000000018aa0000],  sp=0x0000000018a9ea58,  free space=1018k
Native frames: (J=compiled Java code, j=interpreted, Vv=VM code, C=native code)
V  [jvm.dll+0xf7b9f]

VM_Operation (0x00000000193cf2b0): GetOrSetLocal, mode: safepoint, requested by thread 0x0000000017949800


---------------  P R O C E S S  ---------------

Java Threads: ( => current thread )
  0x000000001966a000 JavaThread "Service Thread" daemon [_thread_blocked, id=4560, stack(0x0000000019cd0000,0x0000000019dd0000)]
  0x000000001972c000 JavaThread "C1 CompilerThread2" daemon [_thread_blocked, id=2480, stack(0x0000000019bd0000,0x0000000019cd0000)]
  0x0000000019670800 JavaThread "C2 CompilerThread1" daemon [_thread_blocked, id=684, stack(0x0000000019ad0000,0x0000000019bd0000)]
  0x000000001972b000 JavaThread "C2 CompilerThread0" daemon [_thread_blocked, id=8520, stack(0x00000000199d0000,0x0000000019ad0000)]
  0x000000001795a800 JavaThread "JDWP Command Reader" daemon [_thread_in_native, id=8404, stack(0x00000000194d0000,0x00000000195d0000)]
  0x0000000017958000 JavaThread "JDWP Event Helper Thread" daemon [_thread_blocked, id=4564, stack(0x00000000193d0000,0x00000000194d0000)]
  0x0000000017949800 JavaThread "JDWP Transport Listener: dt_socket" daemon [_thread_blocked, id=2616, stack(0x00000000192d0000,0x00000000193d0000)]
  0x0000000017941000 JavaThread "Attach Listener" daemon [_thread_blocked, id=7116, stack(0x0000000018e90000,0x0000000018f90000)]
  0x000000001793e000 JavaThread "Signal Dispatcher" daemon [_thread_blocked, id=10100, stack(0x0000000018d90000,0x0000000018e90000)]
  0x000000001792a800 JavaThread "Finalizer" daemon [_thread_blocked, id=7368, stack(0x0000000018ba0000,0x0000000018ca0000)]
  0x0000000002e13000 JavaThread "Reference Handler" daemon [_thread_blocked, id=5492, stack(0x0000000018aa0000,0x0000000018ba0000)]
  0x0000000002d22800 JavaThread "main" [_thread_blocked, id=5452, stack(0x0000000002b20000,0x0000000002c20000)]

Other Threads:
=>0x0000000017907800 VMThread [stack: 0x00000000189a0000,0x0000000018aa0000] [id=912]
  0x00000000196b1000 WatcherThread [stack: 0x0000000019dd0000,0x0000000019ed0000] [id=5820]

VM state:at safepoint (normal execution)

VM Mutex/Monitor currently owned by a thread:  ([mutex/lock_event])
[0x0000000002aedd40] Threads_lock - owner thread: 0x0000000017907800

Heap:
 PSYoungGen      total 37888K, used 12547K [0x00000000d6000000, 0x00000000d8a00000, 0x0000000100000000)
  eden space 32768K, 38% used [0x00000000d6000000,0x00000000d6c40c00,0x00000000d8000000)
  from space 5120K, 0% used [0x00000000d8500000,0x00000000d8500000,0x00000000d8a00000)
  to   space 5120K, 0% used [0x00000000d8000000,0x00000000d8000000,0x00000000d8500000)
 ParOldGen       total 86016K, used 0K [0x0000000082000000, 0x0000000087400000, 0x00000000d6000000)
  object space 86016K, 0% used [0x0000000082000000,0x0000000082000000,0x0000000087400000)
 Metaspace       used 6219K, capacity 6290K, committed 6400K, reserved 1056768K
  class space    used 706K, capacity 753K, committed 768K, reserved 1048576K

Card table byte_map: [0x00000000121e0000,0x00000000125e0000] byte_map_base: 0x0000000011dd0000

Marking Bits: (ParMarkBitMap*) 0x0000000053283e30
 Begin Bits: [0x0000000012c80000, 0x0000000014c00000)
 End Bits:   [0x0000000014c00000, 0x0000000016b80000)

Polling page: 0x0000000000e80000

CodeCache: size=245760Kb used=2186Kb max_used=2191Kb free=243573Kb
 bounds [0x0000000002e20000, 0x0000000003090000, 0x0000000011e20000]
 total_blobs=633 nmethods=334 adapters=220
 compilation: enabled

Compilation events (10 events):
Event: 0.446 Thread 0x000000001972c000  320       3       org.eclipse.jdt.launching.internal.org.objectweb.asm.MethodWriter::hasFrames (13 bytes)
Event: 0.446 Thread 0x000000001972c000 nmethod 320 0x000000000303c090 code [0x000000000303c1e0, 0x000000000303c390]
Event: 0.446 Thread 0x000000001972c000  322       3       org.eclipse.jdt.launching.internal.org.objectweb.asm.MethodWriter::canCopyMethodAttributes (172 bytes)
Event: 0.447 Thread 0x000000001972c000 nmethod 322 0x000000000303fad0 code [0x000000000303fc80, 0x00000000030404f0]
Event: 0.447 Thread 0x000000001972c000  332  s!   3       java.net.URLStreamHandler::getHostAddress (54 bytes)
Event: 0.447 Thread 0x000000001972c000 nmethod 332 0x0000000003040990 code [0x0000000003040b40, 0x0000000003041318]
Event: 0.451 Thread 0x000000001972b000  333       4       java.lang.String::indexOf (7 bytes)
Event: 0.453 Thread 0x000000001972b000 nmethod 333 0x0000000003044c50 code [0x0000000003044da0, 0x0000000003044f38]
Event: 170.706 Thread 0x000000001972c000  334       3       org.eclipse.jdt.launching.internal.org.objectweb.asm.ByteVector::encodeUTF8 (335 bytes)
Event: 170.711 Thread 0x000000001972c000 nmethod 334 0x0000000003043250 code [0x00000000030434a0, 0x00000000030441b8]

GC Heap History (0 events):
No events

Deoptimization events (0 events):
No events

Classes redefined (2 events):
Event: 90.580 Thread 0x0000000017907800 redefined class name=junitP.ArithmeticTest, count=1
Event: 170.711 Thread 0x0000000017907800 redefined class name=junitP.ArithmeticTest, count=2

Internal exceptions (6 events):
Event: 0.038 Thread 0x0000000002d22800 Exception <a 'java/lang/NoSuchMethodError': Method sun.misc.Unsafe.defineClass(Ljava/lang/String;[BII)Ljava/lang/Class; name or signature does not match> (0x00000000d6007cb0) thrown at [C:\re\workspace\8-2-build-windows-amd64-cygwin\jdk8u191\11896\hotspot
Event: 0.038 Thread 0x0000000002d22800 Exception <a 'java/lang/NoSuchMethodError': Method sun.misc.Unsafe.prefetchRead(Ljava/lang/Object;J)V name or signature does not match> (0x00000000d6007f98) thrown at [C:\re\workspace\8-2-build-windows-amd64-cygwin\jdk8u191\11896\hotspot\src\share\vm\prim
Event: 0.426 Thread 0x0000000002d22800 Exception <a 'java/security/PrivilegedActionException'> (0x00000000d6ad0f68) thrown at [C:\re\workspace\8-2-build-windows-amd64-cygwin\jdk8u191\11896\hotspot\src\share\vm\prims\jvm.cpp, line 1435]
Event: 0.426 Thread 0x0000000002d22800 Exception <a 'java/security/PrivilegedActionException'> (0x00000000d6ad1360) thrown at [C:\re\workspace\8-2-build-windows-amd64-cygwin\jdk8u191\11896\hotspot\src\share\vm\prims\jvm.cpp, line 1435]
Event: 0.426 Thread 0x0000000002d22800 Exception <a 'java/security/PrivilegedActionException'> (0x00000000d6ad53a0) thrown at [C:\re\workspace\8-2-build-windows-amd64-cygwin\jdk8u191\11896\hotspot\src\share\vm\prims\jvm.cpp, line 1435]
Event: 0.426 Thread 0x0000000002d22800 Exception <a 'java/security/PrivilegedActionException'> (0x00000000d6ad5798) thrown at [C:\re\workspace\8-2-build-windows-amd64-cygwin\jdk8u191\11896\hotspot\src\share\vm\prims\jvm.cpp, line 1435]

Events (10 events):
Event: 170.715 Executing VM operation: ChangeBreakpoints done
Event: 170.720 Executing VM operation: ChangeBreakpoints
Event: 170.720 Executing VM operation: ChangeBreakpoints done
Event: 170.722 Executing VM operation: EnterInterpOnlyMode
Event: 170.722 Executing VM operation: EnterInterpOnlyMode done
Event: 170.722 Executing VM operation: GetCurrentLocation
Event: 170.722 Executing VM operation: GetCurrentLocation done
Event: 170.722 Executing VM operation: ChangeSingleStep
Event: 170.722 Executing VM operation: ChangeSingleStep done
Event: 170.723 Executing VM operation: GetOrSetLocal


Dynamic libraries:
0x00007ff620640000 - 0x00007ff620677000 	C:\Program Files\Java\jre1.8.0_191\bin\javaw.exe
0x00007ff9e5f30000 - 0x00007ff9e6111000 	C:\Windows\SYSTEM32\ntdll.dll
0x00007ff9e3ea0000 - 0x00007ff9e3f52000 	C:\Windows\System32\KERNEL32.DLL
0x00007ff9e2770000 - 0x00007ff9e29e3000 	C:\Windows\System32\KERNELBASE.dll
0x00007ff9e3f60000 - 0x00007ff9e4001000 	C:\Windows\System32\ADVAPI32.dll
0x00007ff9e40e0000 - 0x00007ff9e417e000 	C:\Windows\System32\msvcrt.dll
0x00007ff9e5ea0000 - 0x00007ff9e5efb000 	C:\Windows\System32\sechost.dll
0x00007ff9e5ac0000 - 0x00007ff9e5be4000 	C:\Windows\System32\RPCRT4.dll
0x00007ff9e3a30000 - 0x00007ff9e3bc0000 	C:\Windows\System32\USER32.dll
0x00007ff9e2af0000 - 0x00007ff9e2b10000 	C:\Windows\System32\win32u.dll
0x00007ff9e5ce0000 - 0x00007ff9e5d08000 	C:\Windows\System32\GDI32.dll
0x00007ff9e3220000 - 0x00007ff9e33b2000 	C:\Windows\System32\gdi32full.dll
0x00007ff9e29f0000 - 0x00007ff9e2a8f000 	C:\Windows\System32\msvcp_win.dll
0x00007ff9e2350000 - 0x00007ff9e244a000 	C:\Windows\System32\ucrtbase.dll
0x00007ff9cfe30000 - 0x00007ff9d0099000 	C:\Windows\WinSxS\amd64_microsoft.windows.common-controls_6595b64144ccf1df_6.0.17134.345_none_fb429a5930656358\COMCTL32.dll
0x00007ff9e4180000 - 0x00007ff9e44a3000 	C:\Windows\System32\combase.dll
0x00007ff9e2450000 - 0x00007ff9e24ca000 	C:\Windows\System32\bcryptPrimitives.dll
0x00007ff9e5d10000 - 0x00007ff9e5d3d000 	C:\Windows\System32\IMM32.DLL
0x0000000052980000 - 0x0000000052a52000 	C:\Program Files\Java\jre1.8.0_191\bin\msvcr100.dll
0x0000000052a60000 - 0x0000000053304000 	C:\Program Files\Java\jre1.8.0_191\bin\server\jvm.dll
0x00007ff9e5ab0000 - 0x00007ff9e5ab8000 	C:\Windows\System32\PSAPI.DLL
0x00007ff9dc590000 - 0x00007ff9dc599000 	C:\Windows\SYSTEM32\WSOCK32.dll
0x00007ff9e4560000 - 0x00007ff9e45cc000 	C:\Windows\System32\WS2_32.dll
0x00007ff9d2430000 - 0x00007ff9d243a000 	C:\Windows\SYSTEM32\VERSION.dll
0x00007ff9e04a0000 - 0x00007ff9e04c3000 	C:\Windows\SYSTEM32\WINMM.dll
0x00007ff9e0470000 - 0x00007ff9e049a000 	C:\Windows\SYSTEM32\winmmbase.dll
0x00007ff9e2300000 - 0x00007ff9e2349000 	C:\Windows\System32\cfgmgr32.dll
0x0000000052970000 - 0x000000005297f000 	C:\Program Files\Java\jre1.8.0_191\bin\verify.dll
0x0000000052940000 - 0x0000000052969000 	C:\Program Files\Java\jre1.8.0_191\bin\java.dll
0x0000000052850000 - 0x0000000052885000 	C:\Program Files\Java\jre1.8.0_191\bin\jdwp.dll
0x0000000052840000 - 0x0000000052848000 	C:\Program Files\Java\jre1.8.0_191\bin\npt.dll
0x0000000052810000 - 0x0000000052833000 	C:\Program Files\Java\jre1.8.0_191\bin\instrument.dll
0x0000000052920000 - 0x0000000052936000 	C:\Program Files\Java\jre1.8.0_191\bin\zip.dll
0x00007ff9e45d0000 - 0x00007ff9e5a0f000 	C:\Windows\System32\SHELL32.dll
0x00007ff9e44b0000 - 0x00007ff9e4559000 	C:\Windows\System32\shcore.dll
0x00007ff9e2b10000 - 0x00007ff9e321d000 	C:\Windows\System32\windows.storage.dll
0x00007ff9e39d0000 - 0x00007ff9e3a21000 	C:\Windows\System32\shlwapi.dll
0x00007ff9e2270000 - 0x00007ff9e2281000 	C:\Windows\System32\kernel.appcore.dll
0x00007ff9e22e0000 - 0x00007ff9e22ff000 	C:\Windows\System32\profapi.dll
0x00007ff9e2290000 - 0x00007ff9e22dc000 	C:\Windows\System32\powrprof.dll
0x00007ff9e2260000 - 0x00007ff9e226a000 	C:\Windows\System32\FLTLIB.DLL
0x0000000052800000 - 0x0000000052809000 	C:\Program Files\Java\jre1.8.0_191\bin\dt_socket.dll
0x00007ff9d78a0000 - 0x00007ff9d78b6000 	C:\Windows\system32\napinsp.dll
0x00007ff9d7c50000 - 0x00007ff9d7c6a000 	C:\Windows\system32\pnrpnsp.dll
0x00007ff9deba0000 - 0x00007ff9debb9000 	C:\Windows\system32\NLAapi.dll
0x00007ff9e1ac0000 - 0x00007ff9e1b26000 	C:\Windows\System32\mswsock.dll
0x00007ff9e1880000 - 0x00007ff9e193e000 	C:\Windows\SYSTEM32\DNSAPI.dll
0x00007ff9e33d0000 - 0x00007ff9e33d8000 	C:\Windows\System32\NSI.dll
0x00007ff9e1840000 - 0x00007ff9e1878000 	C:\Windows\SYSTEM32\IPHLPAPI.DLL
0x00007ff9e04d0000 - 0x00007ff9e04de000 	C:\Windows\System32\winrnr.dll
0x00007ff9ddb20000 - 0x00007ff9ddb92000 	C:\Windows\System32\fwpuclnt.dll
0x00007ff9e1da0000 - 0x00007ff9e1dc5000 	C:\Windows\SYSTEM32\bcrypt.dll
0x00007ff9d96d0000 - 0x00007ff9d96da000 	C:\Windows\System32\rasadhlp.dll
0x0000000052900000 - 0x000000005291a000 	C:\Program Files\Java\jre1.8.0_191\bin\net.dll
0x00007ff9d4240000 - 0x00007ff9d4409000 	C:\Windows\SYSTEM32\dbghelp.dll

VM Arguments:
jvm_args: -agentlib:jdwp=transport=dt_socket,suspend=y,address=localhost:62358 -ea -javaagent:C:\Users\andri.ivanov\eclipse\java-2018-09\eclipse\configuration\org.eclipse.osgi\237\0\.cp\lib\javaagent-shaded.jar -Dfile.encoding=Cp1251 
java_command: org.eclipse.jdt.internal.junit.runner.RemoteTestRunner -version 3 -port 62357 -testLoaderClass org.eclipse.jdt.internal.junit4.runner.JUnit4TestLoader -loaderpluginname org.eclipse.jdt.junit4.runtime -classNames junitP.ArithmeticTest
java_class_path (initial): C:\Users\andri.ivanov\Desktop\Projects\hangEND\bin;C:\Users\andri.ivanov\Desktop\JUNIT\junit-4.10.jar;C:\Users\andri.ivanov\eclipse\java-2018-09\eclipse\configuration\org.eclipse.osgi\235\0\.cp;C:\Users\andri.ivanov\eclipse\java-2018-09\eclipse\configuration\org.eclipse.osgi\234\0\.cp;C:\Users\andri.ivanov\eclipse\java-2018-09\eclipse\configuration\org.eclipse.osgi\237\0\.cp\lib\javaagent-shaded.jar
Launcher Type: SUN_STANDARD

Environment Variables:
PATH=C:/Program Files/Java/jre1.8.0_191/bin/server;C:/Program Files/Java/jre1.8.0_191/bin;C:/Program Files/Java/jre1.8.0_191/lib/amd64;C:\Program Files (x86)\Common Files\Oracle\Java\javapath;C:\Windows\system32;C:\Windows;C:\Windows\System32\Wbem;C:\Windows\System32\WindowsPowerShell\v1.0\;C:\Windows\System32\OpenSSH\;C:\Program Files\Git\cmd;C:\Users\andri.ivanov\AppData\Local\Microsoft\WindowsApps;;C:\Users\andri.ivanov\eclipse\java-2018-09\eclipse;
USERNAME=andri.ivanov
OS=Windows_NT
PROCESSOR_IDENTIFIER=Intel64 Family 6 Model 60 Stepping 3, GenuineIntel



---------------  S Y S T E M  ---------------

OS: Windows 10.0 , 64 bit Build 17134 (10.0.17134.1)

CPU:total 4 (initial active 4) (4 cores per cpu, 1 threads per core) family 6 model 60 stepping 3, cmov, cx8, fxsr, mmx, sse, sse2, sse3, ssse3, sse4.1, sse4.2, popcnt, avx, avx2, aes, clmul, erms, lzcnt, tsc, tscinvbit, bmi1, bmi2

Memory: 4k page, physical 8256904k(4095524k free), swap 9567624k(4053544k free)

vm_info: Java HotSpot(TM) 64-Bit Server VM (25.191-b12) for windows-amd64 JRE (1.8.0_191-b12), built on Oct  6 2018 09:29:03 by "java_re" with MS VC++ 10.0 (VS2010)

time: Thu Nov 01 19:18:54 2018
elapsed time: 170 seconds (0d 0h 2m 50s)

